2020-03-05 17:37:16,272 musegan.train        INFO     Using parameters:
{'beat_resolution': 12,
 'condition_track_idx': None,
 'data_shape': [4, 48, 84, 5],
 'is_accompaniment': False,
 'is_conditional': False,
 'latent_dim': 128,
 'nets': {'discriminator': 'default', 'generator': 'default'},
 'use_binary_neurons': False}
2020-03-05 17:37:16,275 musegan.train        INFO     Using configurations:
{'adam': {'beta1': 0.5, 'beta2': 0.9},
 'batch_size': 64,
 'colormap': [[1.0, 0.0, 0.0],
              [1.0, 0.5, 0.0],
              [0.0, 1.0, 0.0],
              [0.0, 0.0, 1.0],
              [0.0, 0.5, 1.0]],
 'config': 'exp/my_experiment//config.yaml',
 'data_filename': 'train_x_lpd_5_phr',
 'data_source': 'sa',
 'eval_dir': '/content/drive/My Drive/musegan/exp/my_experiment/eval',
 'evaluate_steps': 100,
 'exp_dir': '/content/drive/My Drive/musegan/exp/my_experiment',
 'gan_loss_type': 'wasserstein',
 'gpu': '0',
 'initial_learning_rate': 0.001,
 'learning_rate_schedule': {'end': 50000, 'end_value': 0.0, 'start': 45000},
 'log_dir': '/content/drive/My Drive/musegan/exp/my_experiment/logs/train',
 'log_loss_steps': 100,
 'midi': {'is_drums': [1, 0, 0, 0, 0],
          'lowest_pitch': 24,
          'programs': [0, 0, 25, 33, 48],
          'tempo': 100},
 'model_dir': '/content/drive/My Drive/musegan/exp/my_experiment/model',
 'n_dis_updates_per_gen_update': 5,
 'n_jobs': 20,
 'params': 'exp/my_experiment//params.yaml',
 'sample_dir': '/content/drive/My Drive/musegan/exp/my_experiment/samples',
 'sample_grid': [8, 8],
 'save_array_samples': True,
 'save_checkpoint_steps': 10000,
 'save_image_samples': True,
 'save_pianoroll_samples': True,
 'save_samples_steps': 100,
 'save_summaries_steps': 0,
 'slope_schedule': {'end': 50000, 'end_value': 5.0, 'start': 10000},
 'src_dir': '/content/drive/My Drive/musegan/exp/my_experiment/src',
 'steps': 50000,
 'use_gradient_penalties': True,
 'use_learning_rate_decay': True,
 'use_random_transpose': False,
 'use_slope_annealing': False,
 'use_train_test_split': False}
2020-03-05 17:37:16,275 musegan.train        INFO     Loading training data.
2020-03-05 17:37:16,286 musegan.train        INFO     Training data size: 102378
2020-03-05 17:37:16,286 musegan.train        INFO     Building dataset.
2020-03-05 17:37:18,762 musegan.model        INFO     Building model.
2020-03-05 17:37:18,836 musegan.model        INFO     Building training nodes.
2020-03-05 17:37:21,378 musegan.model        INFO     Building losses.
2020-03-05 17:37:21,858 musegan.model        INFO     Building training ops.
2020-03-05 17:37:27,289 musegan.model        INFO     Building summaries.
2020-03-05 17:37:27,295 musegan.train        INFO     Number of trainable parameters in Model: 3,943,968
2020-03-05 17:37:27,299 musegan.train        INFO     Number of trainable parameters in Generator: 2,578,127
2020-03-05 17:37:27,302 musegan.train        INFO     Number of trainable parameters in Discriminator: 1,365,841
2020-03-05 17:37:27,302 musegan.train        INFO     Loading sample_z.
2020-03-05 17:37:27,303 musegan.train        INFO     File for sample_z not found
2020-03-05 17:37:27,304 musegan.train        INFO     Drawing new sample_z.
2020-03-05 17:37:27,388 musegan.model        INFO     Building prediction nodes.
2020-03-05 17:37:28,369 musegan.train        INFO     Training start.
2020-03-05 20:38:09,868 musegan.train        INFO     step=100, gen_loss=-7.2919E+01, dis_loss=-1.9197E+02
2020-03-05 20:38:09,893 musegan.train        INFO     Running sampler
2020-03-05 20:38:37,283 musegan.train        INFO     Running evaluation
